This file contains any messages produced by compilers while
running configure, to aid debugging if configure makes a mistake.

It was created by configure, which was
generated by GNU Autoconf 2.67.  Invocation command line was

  $ ./configure 

## --------- ##
## Platform. ##
## --------- ##

hostname = ubuntu
uname -m = i686
uname -r = 2.6.32-33-generic
uname -s = Linux
uname -v = #70-Ubuntu SMP Thu Jul 7 21:09:46 UTC 2011

/usr/bin/uname -p = unknown
/bin/uname -X     = unknown

/bin/arch              = unknown
/usr/bin/arch -k       = unknown
/usr/convex/getsysinfo = unknown
/usr/bin/hostinfo      = unknown
/bin/machine           = unknown
/usr/bin/oslevel       = unknown
/bin/universe          = unknown

PATH: /usr/local/sbin
PATH: /usr/local/bin
PATH: /usr/sbin
PATH: /usr/bin
PATH: /sbin
PATH: /bin
PATH: /usr/games


## ----------- ##
## Core tests. ##
## ----------- ##

configure:3577: checking build system type
configure:3591: result: i686-pc-linux-gnu
configure:3611: checking host system type
configure:3624: result: i686-pc-linux-gnu
configure:3645: checking whether make sets $(MAKE)
configure:3667: result: yes
configure:3809: checking for gcc
configure:3825: found /usr/bin/gcc
configure:3836: result: gcc
configure:4065: checking for C compiler version
configure:4074: gcc --version >&5
gcc (Ubuntu 4.4.3-4ubuntu5) 4.4.3
Copyright (C) 2009 Free Software Foundation, Inc.
This is free software; see the source for copying conditions.  There is NO
warranty; not even for MERCHANTABILITY or FITNESS FOR A PARTICULAR PURPOSE.

configure:4085: $? = 0
configure:4074: gcc -v >&5
Using built-in specs.
Target: i486-linux-gnu
Configured with: ../src/configure -v --with-pkgversion='Ubuntu 4.4.3-4ubuntu5' --with-bugurl=file:///usr/share/doc/gcc-4.4/README.Bugs --enable-languages=c,c++,fortran,objc,obj-c++ --prefix=/usr --enable-shared --enable-multiarch --enable-linker-build-id --with-system-zlib --libexecdir=/usr/lib --without-included-gettext --enable-threads=posix --with-gxx-include-dir=/usr/include/c++/4.4 --program-suffix=-4.4 --enable-nls --enable-clocale=gnu --enable-libstdcxx-debug --enable-plugin --enable-objc-gc --enable-targets=all --disable-werror --with-arch-32=i486 --with-tune=generic --enable-checking=release --build=i486-linux-gnu --host=i486-linux-gnu --target=i486-linux-gnu
Thread model: posix
gcc version 4.4.3 (Ubuntu 4.4.3-4ubuntu5) 
configure:4085: $? = 0
configure:4074: gcc -V >&5
gcc: '-V' option must have argument
configure:4085: $? = 1
configure:4074: gcc -qversion >&5
gcc: unrecognized option '-qversion'
gcc: no input files
configure:4085: $? = 1
configure:4105: checking whether the C compiler works
configure:4127: gcc    conftest.c  >&5
configure:4131: $? = 0
configure:4179: result: yes
configure:4182: checking for C compiler default output file name
configure:4184: result: a.out
configure:4190: checking for suffix of executables
configure:4197: gcc -o conftest    conftest.c  >&5
configure:4201: $? = 0
configure:4223: result: 
configure:4245: checking whether we are cross compiling
configure:4253: gcc -o conftest    conftest.c  >&5
configure:4257: $? = 0
configure:4264: ./conftest
configure:4268: $? = 0
configure:4283: result: no
configure:4288: checking for suffix of object files
configure:4310: gcc -c   conftest.c >&5
configure:4314: $? = 0
configure:4335: result: o
configure:4339: checking whether we are using the GNU C compiler
configure:4358: gcc -c   conftest.c >&5
configure:4358: $? = 0
configure:4367: result: yes
configure:4376: checking whether gcc accepts -g
configure:4396: gcc -c -g  conftest.c >&5
configure:4396: $? = 0
configure:4437: result: yes
configure:4454: checking for gcc option to accept ISO C89
configure:4518: gcc  -c -g -O2  conftest.c >&5
configure:4518: $? = 0
configure:4531: result: none needed
configure:4551: checking for a sed that does not truncate output
configure:4607: result: /bin/sed
configure:4610: checking for grep that handles long lines and -e
configure:4668: result: /bin/grep
configure:4673: checking for egrep
configure:4735: result: /bin/grep -E
configure:4751: checking for ld used by gcc
configure:4818: result: /usr/bin/ld
configure:4825: checking if the linker (/usr/bin/ld) is GNU ld
configure:4840: result: yes
configure:4845: checking for /usr/bin/ld option to reload object files
configure:4852: result: -r
configure:4870: checking for BSD-compatible nm
configure:4919: result: /usr/bin/nm -B
configure:4923: checking whether ln -s works
configure:4927: result: yes
configure:4934: checking how to recognize dependent libraries
configure:5120: result: pass_all
configure:5340: checking how to run the C preprocessor
configure:5371: gcc -E  conftest.c
configure:5371: $? = 0
configure:5385: gcc -E  conftest.c
conftest.c:9:28: error: ac_nonexistent.h: No such file or directory
configure:5385: $? = 1
configure: failed program was:
| /* confdefs.h */
| #define PACKAGE_NAME ""
| #define PACKAGE_TARNAME ""
| #define PACKAGE_VERSION ""
| #define PACKAGE_STRING ""
| #define PACKAGE_BUGREPORT ""
| #define PACKAGE_URL ""
| /* end confdefs.h.  */
| #include <ac_nonexistent.h>
configure:5410: result: gcc -E
configure:5430: gcc -E  conftest.c
configure:5430: $? = 0
configure:5444: gcc -E  conftest.c
conftest.c:9:28: error: ac_nonexistent.h: No such file or directory
configure:5444: $? = 1
configure: failed program was:
| /* confdefs.h */
| #define PACKAGE_NAME ""
| #define PACKAGE_TARNAME ""
| #define PACKAGE_VERSION ""
| #define PACKAGE_STRING ""
| #define PACKAGE_BUGREPORT ""
| #define PACKAGE_URL ""
| /* end confdefs.h.  */
| #include <ac_nonexistent.h>
configure:5473: checking for ANSI C header files
configure:5493: gcc -c -g -O2  conftest.c >&5
configure:5493: $? = 0
configure:5566: gcc -o conftest -g -O2   conftest.c  >&5
configure:5566: $? = 0
configure:5566: ./conftest
configure:5566: $? = 0
configure:5577: result: yes
configure:5590: checking for sys/types.h
configure:5590: gcc -c -g -O2  conftest.c >&5
configure:5590: $? = 0
configure:5590: result: yes
configure:5590: checking for sys/stat.h
configure:5590: gcc -c -g -O2  conftest.c >&5
configure:5590: $? = 0
configure:5590: result: yes
configure:5590: checking for stdlib.h
configure:5590: gcc -c -g -O2  conftest.c >&5
configure:5590: $? = 0
configure:5590: result: yes
configure:5590: checking for string.h
configure:5590: gcc -c -g -O2  conftest.c >&5
configure:5590: $? = 0
configure:5590: result: yes
configure:5590: checking for memory.h
configure:5590: gcc -c -g -O2  conftest.c >&5
configure:5590: $? = 0
configure:5590: result: yes
configure:5590: checking for strings.h
configure:5590: gcc -c -g -O2  conftest.c >&5
configure:5590: $? = 0
configure:5590: result: yes
configure:5590: checking for inttypes.h
configure:5590: gcc -c -g -O2  conftest.c >&5
configure:5590: $? = 0
configure:5590: result: yes
configure:5590: checking for stdint.h
configure:5590: gcc -c -g -O2  conftest.c >&5
configure:5590: $? = 0
configure:5590: result: yes
configure:5590: checking for unistd.h
configure:5590: gcc -c -g -O2  conftest.c >&5
configure:5590: $? = 0
configure:5590: result: yes
configure:5604: checking dlfcn.h usability
configure:5604: gcc -c -g -O2  conftest.c >&5
configure:5604: $? = 0
configure:5604: result: yes
configure:5604: checking dlfcn.h presence
configure:5604: gcc -E  conftest.c
configure:5604: $? = 0
configure:5604: result: yes
configure:5604: checking for dlfcn.h
configure:5604: result: yes
configure:5672: checking for g++
configure:5702: result: no
configure:5672: checking for c++
configure:5702: result: no
configure:5672: checking for gpp
configure:5702: result: no
configure:5672: checking for aCC
configure:5702: result: no
configure:5672: checking for CC
configure:5702: result: no
configure:5672: checking for cxx
configure:5702: result: no
configure:5672: checking for cc++
configure:5702: result: no
configure:5672: checking for cl.exe
configure:5702: result: no
configure:5672: checking for FCC
configure:5702: result: no
configure:5672: checking for KCC
configure:5702: result: no
configure:5672: checking for RCC
configure:5702: result: no
configure:5672: checking for xlC_r
configure:5702: result: no
configure:5672: checking for xlC
configure:5702: result: no
configure:5726: checking for C++ compiler version
configure:5735: g++ --version >&5
./configure: line 5737: g++: command not found
configure:5746: $? = 127
configure:5735: g++ -v >&5
./configure: line 5737: g++: command not found
configure:5746: $? = 127
configure:5735: g++ -V >&5
./configure: line 5737: g++: command not found
configure:5746: $? = 127
configure:5735: g++ -qversion >&5
./configure: line 5737: g++: command not found
configure:5746: $? = 127
configure:5750: checking whether we are using the GNU C++ compiler
configure:5769: g++ -c   conftest.cpp >&5
./configure: line 2765: g++: command not found
configure:5769: $? = 127
configure: failed program was:
| /* confdefs.h */
| #define PACKAGE_NAME ""
| #define PACKAGE_TARNAME ""
| #define PACKAGE_VERSION ""
| #define PACKAGE_STRING ""
| #define PACKAGE_BUGREPORT ""
| #define PACKAGE_URL ""
| #define STDC_HEADERS 1
| #define HAVE_SYS_TYPES_H 1
| #define HAVE_SYS_STAT_H 1
| #define HAVE_STDLIB_H 1
| #define HAVE_STRING_H 1
| #define HAVE_MEMORY_H 1
| #define HAVE_STRINGS_H 1
| #define HAVE_INTTYPES_H 1
| #define HAVE_STDINT_H 1
| #define HAVE_UNISTD_H 1
| #define HAVE_DLFCN_H 1
| /* end confdefs.h.  */
| 
| int
| main ()
| {
| #ifndef __GNUC__
|        choke me
| #endif
| 
|   ;
|   return 0;
| }
configure:5778: result: no
configure:5787: checking whether g++ accepts -g
configure:5807: g++ -c -g  conftest.cpp >&5
./configure: line 2765: g++: command not found
configure:5807: $? = 127
configure: failed program was:
| /* confdefs.h */
| #define PACKAGE_NAME ""
| #define PACKAGE_TARNAME ""
| #define PACKAGE_VERSION ""
| #define PACKAGE_STRING ""
| #define PACKAGE_BUGREPORT ""
| #define PACKAGE_URL ""
| #define STDC_HEADERS 1
| #define HAVE_SYS_TYPES_H 1
| #define HAVE_SYS_STAT_H 1
| #define HAVE_STDLIB_H 1
| #define HAVE_STRING_H 1
| #define HAVE_MEMORY_H 1
| #define HAVE_STRINGS_H 1
| #define HAVE_INTTYPES_H 1
| #define HAVE_STDINT_H 1
| #define HAVE_UNISTD_H 1
| #define HAVE_DLFCN_H 1
| /* end confdefs.h.  */
| 
| int
| main ()
| {
| 
|   ;
|   return 0;
| }
configure:5822: g++ -c   conftest.cpp >&5
./configure: line 2765: g++: command not found
configure:5822: $? = 127
configure: failed program was:
| /* confdefs.h */
| #define PACKAGE_NAME ""
| #define PACKAGE_TARNAME ""
| #define PACKAGE_VERSION ""
| #define PACKAGE_STRING ""
| #define PACKAGE_BUGREPORT ""
| #define PACKAGE_URL ""
| #define STDC_HEADERS 1
| #define HAVE_SYS_TYPES_H 1
| #define HAVE_SYS_STAT_H 1
| #define HAVE_STDLIB_H 1
| #define HAVE_STRING_H 1
| #define HAVE_MEMORY_H 1
| #define HAVE_STRINGS_H 1
| #define HAVE_INTTYPES_H 1
| #define HAVE_STDINT_H 1
| #define HAVE_UNISTD_H 1
| #define HAVE_DLFCN_H 1
| /* end confdefs.h.  */
| 
| int
| main ()
| {
| 
|   ;
|   return 0;
| }
configure:5838: g++ -c -g  conftest.cpp >&5
./configure: line 2765: g++: command not found
configure:5838: $? = 127
configure: failed program was:
| /* confdefs.h */
| #define PACKAGE_NAME ""
| #define PACKAGE_TARNAME ""
| #define PACKAGE_VERSION ""
| #define PACKAGE_STRING ""
| #define PACKAGE_BUGREPORT ""
| #define PACKAGE_URL ""
| #define STDC_HEADERS 1
| #define HAVE_SYS_TYPES_H 1
| #define HAVE_SYS_STAT_H 1
| #define HAVE_STDLIB_H 1
| #define HAVE_STRING_H 1
| #define HAVE_MEMORY_H 1
| #define HAVE_STRINGS_H 1
| #define HAVE_INTTYPES_H 1
| #define HAVE_STDINT_H 1
| #define HAVE_UNISTD_H 1
| #define HAVE_DLFCN_H 1
| /* end confdefs.h.  */
| 
| int
| main ()
| {
| 
|   ;
|   return 0;
| }
configure:5848: result: no
configure:6065: checking for g77
configure:6095: result: no
configure:6065: checking for xlf
configure:6095: result: no
configure:6065: checking for f77
configure:6095: result: no
configure:6065: checking for frt
configure:6095: result: no
configure:6065: checking for pgf77
configure:6095: result: no
configure:6065: checking for cf77
configure:6095: result: no
configure:6065: checking for fort77
configure:6095: result: no
configure:6065: checking for fl32
configure:6095: result: no
configure:6065: checking for af77
configure:6095: result: no
configure:6065: checking for xlf90
configure:6095: result: no
configure:6065: checking for f90
configure:6095: result: no
configure:6065: checking for pgf90
configure:6095: result: no
configure:6065: checking for pghpf
configure:6095: result: no
configure:6065: checking for epcf90
configure:6095: result: no
configure:6065: checking for gfortran
configure:6095: result: no
configure:6065: checking for g95
configure:6095: result: no
configure:6065: checking for xlf95
configure:6095: result: no
configure:6065: checking for f95
configure:6095: result: no
configure:6065: checking for fort
configure:6095: result: no
configure:6065: checking for ifort
configure:6095: result: no
configure:6065: checking for ifc
configure:6095: result: no
configure:6065: checking for efc
configure:6095: result: no
configure:6065: checking for pgfortran
configure:6095: result: no
configure:6065: checking for pgf95
configure:6095: result: no
configure:6065: checking for lf95
configure:6095: result: no
configure:6065: checking for ftn
configure:6095: result: no
configure:6118: checking for Fortran 77 compiler version
configure:6127:  --version >&5
./configure: line 6129: --version: command not found
configure:6138: $? = 127
configure:6127:  -v >&5
./configure: line 6129: -v: command not found
configure:6138: $? = 127
configure:6127:  -V >&5
./configure: line 6129: -V: command not found
configure:6138: $? = 127
configure:6127:  -qversion >&5
./configure: line 6129: -qversion: command not found
configure:6138: $? = 127
configure:6147: checking whether we are using the GNU Fortran 77 compiler
configure:6160:  -c  conftest.F >&5
./configure: line 2886: -c: command not found
configure:6160: $? = 127
configure: failed program was:
|       program main
| #ifndef __GNUC__
|        choke me
| #endif
| 
|       end
configure:6169: result: no
configure:6175: checking whether  accepts -g
configure:6186:  -c -g conftest.f >&5
./configure: line 2886: -c: command not found
configure:6186: $? = 127
configure: failed program was:
|       program main
| 
|       end
configure:6194: result: no
configure:6227: checking the maximum length of command line arguments
configure:6339: result: 1572864
configure:6351: checking command to parse /usr/bin/nm -B output from gcc object
configure:6456: gcc -c -g -O2  conftest.c >&5
configure:6459: $? = 0
configure:6463: /usr/bin/nm -B conftest.o \| sed -n -e 's/^.*[ 	]\([ABCDGIRSTW][ABCDGIRSTW]*\)[ 	][ 	]*\([_A-Za-z][_A-Za-z0-9]*\)$/\1 \2 \2/p' \> conftest.nm
configure:6466: $? = 0
configure:6518: gcc -o conftest -g -O2   conftest.c conftstm.o >&5
configure:6521: $? = 0
configure:6559: result: ok
configure:6563: checking for objdir
configure:6578: result: .libs
configure:6670: checking for ar
configure:6686: found /usr/bin/ar
configure:6697: result: ar
configure:6762: checking for ranlib
configure:6778: found /usr/bin/ranlib
configure:6789: result: ranlib
configure:6854: checking for strip
configure:6870: found /usr/bin/strip
configure:6881: result: strip
configure:7446: checking if gcc supports -fno-rtti -fno-exceptions
configure:7464: gcc -c -g -O2  -fno-rtti -fno-exceptions conftest.c >&5
cc1: warning: command line option "-fno-rtti" is valid for C++/ObjC++ but not for C
configure:7468: $? = 0
configure:7481: result: no
configure:7496: checking for gcc option to produce PIC
configure:7728: result: -fPIC
configure:7736: checking if gcc PIC flag -fPIC works
configure:7754: gcc -c -g -O2  -fPIC -DPIC conftest.c >&5
configure:7758: $? = 0
configure:7771: result: yes
configure:7799: checking if gcc static flag -static works
configure:7827: result: yes
configure:7837: checking if gcc supports -c -o file.o
configure:7858: gcc -c -g -O2  -o out/conftest2.o conftest.c >&5
configure:7862: $? = 0
configure:7884: result: yes
configure:7910: checking whether the gcc linker (/usr/bin/ld) supports shared libraries
configure:8836: result: yes
configure:8857: checking whether -lc should be explicitly linked in
configure:8862: gcc -c -g -O2  conftest.c >&5
configure:8865: $? = 0
configure:8880: gcc -shared conftest.o  -v -Wl,-soname -Wl,conftest -o conftest 2\>\&1 \| grep  -lc  \>/dev/null 2\>\&1
configure:8883: $? = 0
configure:8895: result: no
configure:8903: checking dynamic linker characteristics
configure:9505: result: GNU/Linux ld.so
configure:9529: checking how to hardcode library paths into programs
configure:9554: result: immediate
configure:9568: checking whether stripping libraries is possible
configure:9573: result: yes
configure:10090: checking if libtool supports shared libraries
configure:10092: result: yes
configure:10095: checking whether to build shared libraries
configure:10116: result: yes
configure:10119: checking whether to build static libraries
configure:10123: result: yes
configure:10217: creating libtool
configure:19311: checking for a BSD-compatible install
configure:19379: result: /usr/bin/install -c
configure:19390: checking whether ln -s works
configure:19394: result: yes
configure:19433: checking for ar
configure:19451: found /usr/bin/ar
configure:19463: result: /usr/bin/ar
configure:19497: checking for etags
configure:19530: result: no
configure:19497: checking for emacs-etags
configure:19530: result: no
configure:19566: checking for perl5
configure:19599: result: no
configure:19566: checking for perl
configure:19584: found /usr/bin/perl
configure:19596: result: /usr/bin/perl
configure:19764: checking for gcc
configure:19791: result: gcc
configure:20020: checking for C compiler version
configure:20029: gcc --version >&5
gcc (Ubuntu 4.4.3-4ubuntu5) 4.4.3
Copyright (C) 2009 Free Software Foundation, Inc.
This is free software; see the source for copying conditions.  There is NO
warranty; not even for MERCHANTABILITY or FITNESS FOR A PARTICULAR PURPOSE.

configure:20040: $? = 0
configure:20029: gcc -v >&5
Using built-in specs.
Target: i486-linux-gnu
Configured with: ../src/configure -v --with-pkgversion='Ubuntu 4.4.3-4ubuntu5' --with-bugurl=file:///usr/share/doc/gcc-4.4/README.Bugs --enable-languages=c,c++,fortran,objc,obj-c++ --prefix=/usr --enable-shared --enable-multiarch --enable-linker-build-id --with-system-zlib --libexecdir=/usr/lib --without-included-gettext --enable-threads=posix --with-gxx-include-dir=/usr/include/c++/4.4 --program-suffix=-4.4 --enable-nls --enable-clocale=gnu --enable-libstdcxx-debug --enable-plugin --enable-objc-gc --enable-targets=all --disable-werror --with-arch-32=i486 --with-tune=generic --enable-checking=release --build=i486-linux-gnu --host=i486-linux-gnu --target=i486-linux-gnu
Thread model: posix
gcc version 4.4.3 (Ubuntu 4.4.3-4ubuntu5) 
configure:20040: $? = 0
configure:20029: gcc -V >&5
gcc: '-V' option must have argument
configure:20040: $? = 1
configure:20029: gcc -qversion >&5
gcc: unrecognized option '-qversion'
gcc: no input files
configure:20040: $? = 1
configure:20044: checking whether we are using the GNU C compiler
configure:20072: result: yes
configure:20081: checking whether gcc accepts -g
configure:20142: result: yes
configure:20159: checking for gcc option to accept ISO C89
configure:20236: result: none needed
configure:20308: checking for ANSI C header files
configure:20412: result: yes
configure:20424: checking for fcntl.h
configure:20424: gcc -c -g -O2  -D_GNU_SOURCE conftest.c >&5
configure:20424: $? = 0
configure:20424: result: yes
configure:20424: checking for regex.h
configure:20424: gcc -c -g -O2  -D_GNU_SOURCE conftest.c >&5
configure:20424: $? = 0
configure:20424: result: yes
configure:20424: checking for sys/time.h
configure:20424: gcc -c -g -O2  -D_GNU_SOURCE conftest.c >&5
configure:20424: $? = 0
configure:20424: result: yes
configure:20424: checking for unistd.h
configure:20424: result: yes
configure:20424: checking for sys/sockio.h
configure:20424: gcc -c -g -O2  -D_GNU_SOURCE conftest.c >&5
conftest.c:63:24: error: sys/sockio.h: No such file or directory
configure:20424: $? = 1
configure: failed program was:
| /* confdefs.h */
| #define PACKAGE_NAME ""
| #define PACKAGE_TARNAME ""
| #define PACKAGE_VERSION ""
| #define PACKAGE_STRING ""
| #define PACKAGE_BUGREPORT ""
| #define PACKAGE_URL ""
| #define STDC_HEADERS 1
| #define HAVE_SYS_TYPES_H 1
| #define HAVE_SYS_STAT_H 1
| #define HAVE_STDLIB_H 1
| #define HAVE_STRING_H 1
| #define HAVE_MEMORY_H 1
| #define HAVE_STRINGS_H 1
| #define HAVE_INTTYPES_H 1
| #define HAVE_STDINT_H 1
| #define HAVE_UNISTD_H 1
| #define HAVE_DLFCN_H 1
| #define STDC_HEADERS 1
| #define HAVE_FCNTL_H 1
| #define HAVE_REGEX_H 1
| #define HAVE_SYS_TIME_H 1
| #define HAVE_UNISTD_H 1
| /* end confdefs.h.  */
| #include <stdio.h>
| #ifdef HAVE_SYS_TYPES_H
| # include <sys/types.h>
| #endif
| #ifdef HAVE_SYS_STAT_H
| # include <sys/stat.h>
| #endif
| #ifdef STDC_HEADERS
| # include <stdlib.h>
| # include <stddef.h>
| #else
| # ifdef HAVE_STDLIB_H
| #  include <stdlib.h>
| # endif
| #endif
| #ifdef HAVE_STRING_H
| # if !defined STDC_HEADERS && defined HAVE_MEMORY_H
| #  include <memory.h>
| # endif
| # include <string.h>
| #endif
| #ifdef HAVE_STRINGS_H
| # include <strings.h>
| #endif
| #ifdef HAVE_INTTYPES_H
| # include <inttypes.h>
| #endif
| #ifdef HAVE_STDINT_H
| # include <stdint.h>
| #endif
| #ifdef HAVE_UNISTD_H
| # include <unistd.h>
| #endif
| #ifdef HAVE_SYS_PARAM_H
| # include <sys/param.h>
| #endif
| 
| 
| #include <sys/sockio.h>
configure:20424: result: no
configure:20424: checking for sys/select.h
configure:20424: gcc -c -g -O2  -D_GNU_SOURCE conftest.c >&5
configure:20424: $? = 0
configure:20424: result: yes
configure:20424: checking for sys/param.h
configure:20424: gcc -c -g -O2  -D_GNU_SOURCE conftest.c >&5
configure:20424: $? = 0
configure:20424: result: yes
configure:20424: checking for sys/sysctl.h
configure:20424: gcc -c -g -O2  -D_GNU_SOURCE conftest.c >&5
configure:20424: $? = 0
configure:20424: result: yes
configure:20424: checking for net/if6.h
configure:20424: gcc -c -g -O2  -D_GNU_SOURCE conftest.c >&5
conftest.c:66:21: error: net/if6.h: No such file or directory
configure:20424: $? = 1
configure: failed program was:
| /* confdefs.h */
| #define PACKAGE_NAME ""
| #define PACKAGE_TARNAME ""
| #define PACKAGE_VERSION ""
| #define PACKAGE_STRING ""
| #define PACKAGE_BUGREPORT ""
| #define PACKAGE_URL ""
| #define STDC_HEADERS 1
| #define HAVE_SYS_TYPES_H 1
| #define HAVE_SYS_STAT_H 1
| #define HAVE_STDLIB_H 1
| #define HAVE_STRING_H 1
| #define HAVE_MEMORY_H 1
| #define HAVE_STRINGS_H 1
| #define HAVE_INTTYPES_H 1
| #define HAVE_STDINT_H 1
| #define HAVE_UNISTD_H 1
| #define HAVE_DLFCN_H 1
| #define STDC_HEADERS 1
| #define HAVE_FCNTL_H 1
| #define HAVE_REGEX_H 1
| #define HAVE_SYS_TIME_H 1
| #define HAVE_UNISTD_H 1
| #define HAVE_SYS_SELECT_H 1
| #define HAVE_SYS_PARAM_H 1
| #define HAVE_SYS_SYSCTL_H 1
| /* end confdefs.h.  */
| #include <stdio.h>
| #ifdef HAVE_SYS_TYPES_H
| # include <sys/types.h>
| #endif
| #ifdef HAVE_SYS_STAT_H
| # include <sys/stat.h>
| #endif
| #ifdef STDC_HEADERS
| # include <stdlib.h>
| # include <stddef.h>
| #else
| # ifdef HAVE_STDLIB_H
| #  include <stdlib.h>
| # endif
| #endif
| #ifdef HAVE_STRING_H
| # if !defined STDC_HEADERS && defined HAVE_MEMORY_H
| #  include <memory.h>
| # endif
| # include <string.h>
| #endif
| #ifdef HAVE_STRINGS_H
| # include <strings.h>
| #endif
| #ifdef HAVE_INTTYPES_H
| # include <inttypes.h>
| #endif
| #ifdef HAVE_STDINT_H
| # include <stdint.h>
| #endif
| #ifdef HAVE_UNISTD_H
| # include <unistd.h>
| #endif
| #ifdef HAVE_SYS_PARAM_H
| # include <sys/param.h>
| #endif
| 
| 
| #include <net/if6.h>
configure:20424: result: no
configure:20440: checking for an ANSI C-conforming const
configure:20505: gcc -c -g -O2  -D_GNU_SOURCE conftest.c >&5
configure:20505: $? = 0
configure:20512: result: yes
configure:20520: checking for inline
configure:20536: gcc -c -g -O2  -D_GNU_SOURCE conftest.c >&5
configure:20536: $? = 0
configure:20544: result: inline
configure:20562: checking for working volatile
configure:20581: gcc -c -g -O2  -D_GNU_SOURCE conftest.c >&5
configure:20581: $? = 0
configure:20588: result: yes
configure:20596: checking for sysctlbyname
configure:20596: gcc -o conftest -g -O2  -D_GNU_SOURCE  conftest.c  >&5
/tmp/cc4fO3eU.o: In function `main':
/home/ochoe/private/xia/xia-core/DNS/bind-9.8.1/conftest.c:62: undefined reference to `sysctlbyname'
collect2: ld returned 1 exit status
configure:20596: $? = 1
configure: failed program was:
| /* confdefs.h */
| #define PACKAGE_NAME ""
| #define PACKAGE_TARNAME ""
| #define PACKAGE_VERSION ""
| #define PACKAGE_STRING ""
| #define PACKAGE_BUGREPORT ""
| #define PACKAGE_URL ""
| #define STDC_HEADERS 1
| #define HAVE_SYS_TYPES_H 1
| #define HAVE_SYS_STAT_H 1
| #define HAVE_STDLIB_H 1
| #define HAVE_STRING_H 1
| #define HAVE_MEMORY_H 1
| #define HAVE_STRINGS_H 1
| #define HAVE_INTTYPES_H 1
| #define HAVE_STDINT_H 1
| #define HAVE_UNISTD_H 1
| #define HAVE_DLFCN_H 1
| #define STDC_HEADERS 1
| #define HAVE_FCNTL_H 1
| #define HAVE_REGEX_H 1
| #define HAVE_SYS_TIME_H 1
| #define HAVE_UNISTD_H 1
| #define HAVE_SYS_SELECT_H 1
| #define HAVE_SYS_PARAM_H 1
| #define HAVE_SYS_SYSCTL_H 1
| /* end confdefs.h.  */
| /* Define sysctlbyname to an innocuous variant, in case <limits.h> declares sysctlbyname.
|    For example, HP-UX 11i <limits.h> declares gettimeofday.  */
| #define sysctlbyname innocuous_sysctlbyname
| 
| /* System header to define __stub macros and hopefully few prototypes,
|     which can conflict with char sysctlbyname (); below.
|     Prefer <limits.h> to <assert.h> if __STDC__ is defined, since
|     <limits.h> exists even on freestanding compilers.  */
| 
| #ifdef __STDC__
| # include <limits.h>
| #else
| # include <assert.h>
| #endif
| 
| #undef sysctlbyname
| 
| /* Override any GCC internal prototype to avoid an error.
|    Use char because int might match the return type of a GCC
|    builtin and then its argument prototype would still apply.  */
| #ifdef __cplusplus
| extern "C"
| #endif
| char sysctlbyname ();
| /* The GNU C library defines this for functions which it implements
|     to always fail with ENOSYS.  Some functions are actually named
|     something starting with __ and the normal name is an alias.  */
| #if defined __stub_sysctlbyname || defined __stub___sysctlbyname
| choke me
| #endif
| 
| int
| main ()
| {
| return sysctlbyname ();
|   ;
|   return 0;
| }
configure:20596: result: no
configure:20603: checking for flexible array members
configure:20626: gcc -c -g -O2  -D_GNU_SOURCE conftest.c >&5
configure:20626: $? = 0
configure:20633: result: yes
configure:20651: checking for seteuid
configure:20651: gcc -o conftest -g -O2  -D_GNU_SOURCE  conftest.c  >&5
configure:20651: $? = 0
configure:20651: result: yes
configure:20651: checking for setresuid
configure:20651: gcc -o conftest -g -O2  -D_GNU_SOURCE  conftest.c  >&5
configure:20651: $? = 0
configure:20651: result: yes
configure:20663: checking for setegid
configure:20663: gcc -o conftest -g -O2  -D_GNU_SOURCE  conftest.c  >&5
configure:20663: $? = 0
configure:20663: result: yes
configure:20663: checking for setresgid
configure:20663: gcc -o conftest -g -O2  -D_GNU_SOURCE  conftest.c  >&5
configure:20663: $? = 0
configure:20663: result: yes
configure:20677: checking for static inline breakage
configure:20700: gcc -c -g -O2  -D_GNU_SOURCE conftest.c >&5
conftest.c:41: error: static declaration of 'foo1' follows non-static declaration
conftest.c:38: note: previous implicit declaration of 'foo1' was here
configure:20700: $? = 1
configure: failed program was:
| /* confdefs.h */
| #define PACKAGE_NAME ""
| #define PACKAGE_TARNAME ""
| #define PACKAGE_VERSION ""
| #define PACKAGE_STRING ""
| #define PACKAGE_BUGREPORT ""
| #define PACKAGE_URL ""
| #define STDC_HEADERS 1
| #define HAVE_SYS_TYPES_H 1
| #define HAVE_SYS_STAT_H 1
| #define HAVE_STDLIB_H 1
| #define HAVE_STRING_H 1
| #define HAVE_MEMORY_H 1
| #define HAVE_STRINGS_H 1
| #define HAVE_INTTYPES_H 1
| #define HAVE_STDINT_H 1
| #define HAVE_UNISTD_H 1
| #define HAVE_DLFCN_H 1
| #define STDC_HEADERS 1
| #define HAVE_FCNTL_H 1
| #define HAVE_REGEX_H 1
| #define HAVE_SYS_TIME_H 1
| #define HAVE_UNISTD_H 1
| #define HAVE_SYS_SELECT_H 1
| #define HAVE_SYS_PARAM_H 1
| #define HAVE_SYS_SYSCTL_H 1
| #define FLEXIBLE_ARRAY_MEMBER /**/
| #define HAVE_SETEUID 1
| #define HAVE_SETRESUID 1
| #define HAVE_SETEGID 1
| #define HAVE_SETRESGID 1
| /* end confdefs.h.  */
| 
| int
| main ()
| {
| 
| 		foo1();
| 	}
| 
| 	static inline int foo1() {
| 		return 0;
| 	}
| 
| 	static inline int foo2() {
| 		return foo1();
| 
|   ;
|   return 0;
| }
configure:20704: result: yes
configure:20712: checking for size_t
configure:20712: gcc -c -g -O2  -D_GNU_SOURCE conftest.c >&5
configure:20712: $? = 0
configure:20712: gcc -c -g -O2  -D_GNU_SOURCE conftest.c >&5
conftest.c: In function 'main':
conftest.c:70: error: expected expression before ')' token
configure:20712: $? = 1
configure: failed program was:
| /* confdefs.h */
| #define PACKAGE_NAME ""
| #define PACKAGE_TARNAME ""
| #define PACKAGE_VERSION ""
| #define PACKAGE_STRING ""
| #define PACKAGE_BUGREPORT ""
| #define PACKAGE_URL ""
| #define STDC_HEADERS 1
| #define HAVE_SYS_TYPES_H 1
| #define HAVE_SYS_STAT_H 1
| #define HAVE_STDLIB_H 1
| #define HAVE_STRING_H 1
| #define HAVE_MEMORY_H 1
| #define HAVE_STRINGS_H 1
| #define HAVE_INTTYPES_H 1
| #define HAVE_STDINT_H 1
| #define HAVE_UNISTD_H 1
| #define HAVE_DLFCN_H 1
| #define STDC_HEADERS 1
| #define HAVE_FCNTL_H 1
| #define HAVE_REGEX_H 1
| #define HAVE_SYS_TIME_H 1
| #define HAVE_UNISTD_H 1
| #define HAVE_SYS_SELECT_H 1
| #define HAVE_SYS_PARAM_H 1
| #define HAVE_SYS_SYSCTL_H 1
| #define FLEXIBLE_ARRAY_MEMBER /**/
| #define HAVE_SETEUID 1
| #define HAVE_SETRESUID 1
| #define HAVE_SETEGID 1
| #define HAVE_SETRESGID 1
| #define inline /**/
| /* end confdefs.h.  */
| #include <stdio.h>
| #ifdef HAVE_SYS_TYPES_H
| # include <sys/types.h>
| #endif
| #ifdef HAVE_SYS_STAT_H
| # include <sys/stat.h>
| #endif
| #ifdef STDC_HEADERS
| # include <stdlib.h>
| # include <stddef.h>
| #else
| # ifdef HAVE_STDLIB_H
| #  include <stdlib.h>
| # endif
| #endif
| #ifdef HAVE_STRING_H
| # if !defined STDC_HEADERS && defined HAVE_MEMORY_H
| #  include <memory.h>
| # endif
| # include <string.h>
| #endif
| #ifdef HAVE_STRINGS_H
| # include <strings.h>
| #endif
| #ifdef HAVE_INTTYPES_H
| # include <inttypes.h>
| #endif
| #ifdef HAVE_STDINT_H
| # include <stdint.h>
| #endif
| #ifdef HAVE_UNISTD_H
| # include <unistd.h>
| #endif
| int
| main ()
| {
| if (sizeof ((size_t)))
| 	    return 0;
|   ;
|   return 0;
| }
configure:20712: result: yes
configure:20723: checking for ssize_t
configure:20723: gcc -c -g -O2  -D_GNU_SOURCE conftest.c >&5
configure:20723: $? = 0
configure:20723: gcc -c -g -O2  -D_GNU_SOURCE conftest.c >&5
conftest.c: In function 'main':
conftest.c:70: error: expected expression before ')' token
configure:20723: $? = 1
configure: failed program was:
| /* confdefs.h */
| #define PACKAGE_NAME ""
| #define PACKAGE_TARNAME ""
| #define PACKAGE_VERSION ""
| #define PACKAGE_STRING ""
| #define PACKAGE_BUGREPORT ""
| #define PACKAGE_URL ""
| #define STDC_HEADERS 1
| #define HAVE_SYS_TYPES_H 1
| #define HAVE_SYS_STAT_H 1
| #define HAVE_STDLIB_H 1
| #define HAVE_STRING_H 1
| #define HAVE_MEMORY_H 1
| #define HAVE_STRINGS_H 1
| #define HAVE_INTTYPES_H 1
| #define HAVE_STDINT_H 1
| #define HAVE_UNISTD_H 1
| #define HAVE_DLFCN_H 1
| #define STDC_HEADERS 1
| #define HAVE_FCNTL_H 1
| #define HAVE_REGEX_H 1
| #define HAVE_SYS_TIME_H 1
| #define HAVE_UNISTD_H 1
| #define HAVE_SYS_SELECT_H 1
| #define HAVE_SYS_PARAM_H 1
| #define HAVE_SYS_SYSCTL_H 1
| #define FLEXIBLE_ARRAY_MEMBER /**/
| #define HAVE_SETEUID 1
| #define HAVE_SETRESUID 1
| #define HAVE_SETEGID 1
| #define HAVE_SETRESGID 1
| #define inline /**/
| /* end confdefs.h.  */
| #include <stdio.h>
| #ifdef HAVE_SYS_TYPES_H
| # include <sys/types.h>
| #endif
| #ifdef HAVE_SYS_STAT_H
| # include <sys/stat.h>
| #endif
| #ifdef STDC_HEADERS
| # include <stdlib.h>
| # include <stddef.h>
| #else
| # ifdef HAVE_STDLIB_H
| #  include <stdlib.h>
| # endif
| #endif
| #ifdef HAVE_STRING_H
| # if !defined STDC_HEADERS && defined HAVE_MEMORY_H
| #  include <memory.h>
| # endif
| # include <string.h>
| #endif
| #ifdef HAVE_STRINGS_H
| # include <strings.h>
| #endif
| #ifdef HAVE_INTTYPES_H
| # include <inttypes.h>
| #endif
| #ifdef HAVE_STDINT_H
| # include <stdint.h>
| #endif
| #ifdef HAVE_UNISTD_H
| # include <unistd.h>
| #endif
| int
| main ()
| {
| if (sizeof ((ssize_t)))
| 	    return 0;
|   ;
|   return 0;
| }
configure:20723: result: yes
configure:20734: checking for uintptr_t
configure:20734: gcc -c -g -O2  -D_GNU_SOURCE conftest.c >&5
configure:20734: $? = 0
configure:20734: gcc -c -g -O2  -D_GNU_SOURCE conftest.c >&5
conftest.c: In function 'main':
conftest.c:70: error: expected expression before ')' token
configure:20734: $? = 1
configure: failed program was:
| /* confdefs.h */
| #define PACKAGE_NAME ""
| #define PACKAGE_TARNAME ""
| #define PACKAGE_VERSION ""
| #define PACKAGE_STRING ""
| #define PACKAGE_BUGREPORT ""
| #define PACKAGE_URL ""
| #define STDC_HEADERS 1
| #define HAVE_SYS_TYPES_H 1
| #define HAVE_SYS_STAT_H 1
| #define HAVE_STDLIB_H 1
| #define HAVE_STRING_H 1
| #define HAVE_MEMORY_H 1
| #define HAVE_STRINGS_H 1
| #define HAVE_INTTYPES_H 1
| #define HAVE_STDINT_H 1
| #define HAVE_UNISTD_H 1
| #define HAVE_DLFCN_H 1
| #define STDC_HEADERS 1
| #define HAVE_FCNTL_H 1
| #define HAVE_REGEX_H 1
| #define HAVE_SYS_TIME_H 1
| #define HAVE_UNISTD_H 1
| #define HAVE_SYS_SELECT_H 1
| #define HAVE_SYS_PARAM_H 1
| #define HAVE_SYS_SYSCTL_H 1
| #define FLEXIBLE_ARRAY_MEMBER /**/
| #define HAVE_SETEUID 1
| #define HAVE_SETRESUID 1
| #define HAVE_SETEGID 1
| #define HAVE_SETRESGID 1
| #define inline /**/
| /* end confdefs.h.  */
| #include <stdio.h>
| #ifdef HAVE_SYS_TYPES_H
| # include <sys/types.h>
| #endif
| #ifdef HAVE_SYS_STAT_H
| # include <sys/stat.h>
| #endif
| #ifdef STDC_HEADERS
| # include <stdlib.h>
| # include <stddef.h>
| #else
| # ifdef HAVE_STDLIB_H
| #  include <stdlib.h>
| # endif
| #endif
| #ifdef HAVE_STRING_H
| # if !defined STDC_HEADERS && defined HAVE_MEMORY_H
| #  include <memory.h>
| # endif
| # include <string.h>
| #endif
| #ifdef HAVE_STRINGS_H
| # include <strings.h>
| #endif
| #ifdef HAVE_INTTYPES_H
| # include <inttypes.h>
| #endif
| #ifdef HAVE_STDINT_H
| # include <stdint.h>
| #endif
| #ifdef HAVE_UNISTD_H
| # include <unistd.h>
| #endif
| int
| main ()
| {
| if (sizeof ((uintptr_t)))
| 	    return 0;
|   ;
|   return 0;
| }
configure:20734: result: yes
configure:20745: checking for socklen_t
configure:20745: gcc -c -g -O2  -D_GNU_SOURCE conftest.c >&5
configure:20745: $? = 0
configure:20745: gcc -c -g -O2  -D_GNU_SOURCE conftest.c >&5
conftest.c: In function 'main':
conftest.c:42: error: expected expression before ')' token
configure:20745: $? = 1
configure: failed program was:
| /* confdefs.h */
| #define PACKAGE_NAME ""
| #define PACKAGE_TARNAME ""
| #define PACKAGE_VERSION ""
| #define PACKAGE_STRING ""
| #define PACKAGE_BUGREPORT ""
| #define PACKAGE_URL ""
| #define STDC_HEADERS 1
| #define HAVE_SYS_TYPES_H 1
| #define HAVE_SYS_STAT_H 1
| #define HAVE_STDLIB_H 1
| #define HAVE_STRING_H 1
| #define HAVE_MEMORY_H 1
| #define HAVE_STRINGS_H 1
| #define HAVE_INTTYPES_H 1
| #define HAVE_STDINT_H 1
| #define HAVE_UNISTD_H 1
| #define HAVE_DLFCN_H 1
| #define STDC_HEADERS 1
| #define HAVE_FCNTL_H 1
| #define HAVE_REGEX_H 1
| #define HAVE_SYS_TIME_H 1
| #define HAVE_UNISTD_H 1
| #define HAVE_SYS_SELECT_H 1
| #define HAVE_SYS_PARAM_H 1
| #define HAVE_SYS_SYSCTL_H 1
| #define FLEXIBLE_ARRAY_MEMBER /**/
| #define HAVE_SETEUID 1
| #define HAVE_SETRESUID 1
| #define HAVE_SETEGID 1
| #define HAVE_SETRESGID 1
| #define inline /**/
| /* end confdefs.h.  */
| 
| #include <sys/types.h>
| #include <sys/socket.h>
| 
| 
| int
| main ()
| {
| if (sizeof ((socklen_t)))
| 	    return 0;
|   ;
|   return 0;
| }
configure:20745: result: yes
configure:20782: checking whether time.h and sys/time.h may both be included
configure:20802: gcc -c -g -O2  -D_GNU_SOURCE conftest.c >&5
configure:20802: $? = 0
configure:20809: result: yes
configure:20817: checking for long long
configure:20830: gcc -c -g -O2  -D_GNU_SOURCE conftest.c >&5
configure:20830: $? = 0
configure:20831: result: yes
configure:20845: checking for GCC noreturn attribute
configure:20858: gcc -c -g -O2  -D_GNU_SOURCE conftest.c >&5
configure:20858: $? = 0
configure:20859: result: yes
configure:20876: checking for struct lifconf
configure:20897: gcc -c -g -O2  -D_GNU_SOURCE conftest.c >&5
conftest.c: In function 'main':
conftest.c:45: error: storage size of 'lifconf' isn't known
configure:20897: $? = 1
configure: failed program was:
| /* confdefs.h */
| #define PACKAGE_NAME ""
| #define PACKAGE_TARNAME ""
| #define PACKAGE_VERSION ""
| #define PACKAGE_STRING ""
| #define PACKAGE_BUGREPORT ""
| #define PACKAGE_URL ""
| #define STDC_HEADERS 1
| #define HAVE_SYS_TYPES_H 1
| #define HAVE_SYS_STAT_H 1
| #define HAVE_STDLIB_H 1
| #define HAVE_STRING_H 1
| #define HAVE_MEMORY_H 1
| #define HAVE_STRINGS_H 1
| #define HAVE_INTTYPES_H 1
| #define HAVE_STDINT_H 1
| #define HAVE_UNISTD_H 1
| #define HAVE_DLFCN_H 1
| #define STDC_HEADERS 1
| #define HAVE_FCNTL_H 1
| #define HAVE_REGEX_H 1
| #define HAVE_SYS_TIME_H 1
| #define HAVE_UNISTD_H 1
| #define HAVE_SYS_SELECT_H 1
| #define HAVE_SYS_PARAM_H 1
| #define HAVE_SYS_SYSCTL_H 1
| #define FLEXIBLE_ARRAY_MEMBER /**/
| #define HAVE_SETEUID 1
| #define HAVE_SETRESUID 1
| #define HAVE_SETEGID 1
| #define HAVE_SETRESGID 1
| #define inline /**/
| #define ISC_SOCKADDR_LEN_T socklen_t
| #define TIME_WITH_SYS_TIME 1
| /* end confdefs.h.  */
| 
| #include <sys/types.h>
| #include <sys/socket.h>
| #include <net/if.h>
| 
| int
| main ()
| {
| 
| struct lifconf lifconf;
| lifconf.lifc_len = 0;
| 
| 
|   ;
|   return 0;
| }
configure:20902: result: no
configure:20921: checking for kqueue
configure:20921: gcc -o conftest -g -O2  -D_GNU_SOURCE  conftest.c  >&5
/tmp/ccNcLFCu.o: In function `main':
/home/ochoe/private/xia/xia-core/DNS/bind-9.8.1/conftest.c:70: undefined reference to `kqueue'
collect2: ld returned 1 exit status
configure:20921: $? = 1
configure: failed program was:
| /* confdefs.h */
| #define PACKAGE_NAME ""
| #define PACKAGE_TARNAME ""
| #define PACKAGE_VERSION ""
| #define PACKAGE_STRING ""
| #define PACKAGE_BUGREPORT ""
| #define PACKAGE_URL ""
| #define STDC_HEADERS 1
| #define HAVE_SYS_TYPES_H 1
| #define HAVE_SYS_STAT_H 1
| #define HAVE_STDLIB_H 1
| #define HAVE_STRING_H 1
| #define HAVE_MEMORY_H 1
| #define HAVE_STRINGS_H 1
| #define HAVE_INTTYPES_H 1
| #define HAVE_STDINT_H 1
| #define HAVE_UNISTD_H 1
| #define HAVE_DLFCN_H 1
| #define STDC_HEADERS 1
| #define HAVE_FCNTL_H 1
| #define HAVE_REGEX_H 1
| #define HAVE_SYS_TIME_H 1
| #define HAVE_UNISTD_H 1
| #define HAVE_SYS_SELECT_H 1
| #define HAVE_SYS_PARAM_H 1
| #define HAVE_SYS_SYSCTL_H 1
| #define FLEXIBLE_ARRAY_MEMBER /**/
| #define HAVE_SETEUID 1
| #define HAVE_SETRESUID 1
| #define HAVE_SETEGID 1
| #define HAVE_SETRESGID 1
| #define inline /**/
| #define ISC_SOCKADDR_LEN_T socklen_t
| #define TIME_WITH_SYS_TIME 1
| /* end confdefs.h.  */
| /* Define kqueue to an innocuous variant, in case <limits.h> declares kqueue.
|    For example, HP-UX 11i <limits.h> declares gettimeofday.  */
| #define kqueue innocuous_kqueue
| 
| /* System header to define __stub macros and hopefully few prototypes,
|     which can conflict with char kqueue (); below.
|     Prefer <limits.h> to <assert.h> if __STDC__ is defined, since
|     <limits.h> exists even on freestanding compilers.  */
| 
| #ifdef __STDC__
| # include <limits.h>
| #else
| # include <assert.h>
| #endif
| 
| #undef kqueue
| 
| /* Override any GCC internal prototype to avoid an error.
|    Use char because int might match the return type of a GCC
|    builtin and then its argument prototype would still apply.  */
| #ifdef __cplusplus
| extern "C"
| #endif
| char kqueue ();
| /* The GNU C library defines this for functions which it implements
|     to always fail with ENOSYS.  Some functions are actually named
|     something starting with __ and the normal name is an alias.  */
| #if defined __stub_kqueue || defined __stub___kqueue
| choke me
| #endif
| 
| int
| main ()
| {
| return kqueue ();
|   ;
|   return 0;
| }
configure:20921: result: no
configure:20956: checking epoll support
configure:20975: gcc -o conftest -g -O2  -D_GNU_SOURCE  conftest.c  >&5
configure:20975: $? = 0
configure:20975: ./conftest
configure:20975: $? = 0
configure:20976: result: yes
configure:21013: checking sys/devpoll.h usability
configure:21013: gcc -c -g -O2  -D_GNU_SOURCE conftest.c >&5
conftest.c:69:25: error: sys/devpoll.h: No such file or directory
configure:21013: $? = 1
configure: failed program was:
| /* confdefs.h */
| #define PACKAGE_NAME ""
| #define PACKAGE_TARNAME ""
| #define PACKAGE_VERSION ""
| #define PACKAGE_STRING ""
| #define PACKAGE_BUGREPORT ""
| #define PACKAGE_URL ""
| #define STDC_HEADERS 1
| #define HAVE_SYS_TYPES_H 1
| #define HAVE_SYS_STAT_H 1
| #define HAVE_STDLIB_H 1
| #define HAVE_STRING_H 1
| #define HAVE_MEMORY_H 1
| #define HAVE_STRINGS_H 1
| #define HAVE_INTTYPES_H 1
| #define HAVE_STDINT_H 1
| #define HAVE_UNISTD_H 1
| #define HAVE_DLFCN_H 1
| #define STDC_HEADERS 1
| #define HAVE_FCNTL_H 1
| #define HAVE_REGEX_H 1
| #define HAVE_SYS_TIME_H 1
| #define HAVE_UNISTD_H 1
| #define HAVE_SYS_SELECT_H 1
| #define HAVE_SYS_PARAM_H 1
| #define HAVE_SYS_SYSCTL_H 1
| #define FLEXIBLE_ARRAY_MEMBER /**/
| #define HAVE_SETEUID 1
| #define HAVE_SETRESUID 1
| #define HAVE_SETEGID 1
| #define HAVE_SETRESGID 1
| #define inline /**/
| #define ISC_SOCKADDR_LEN_T socklen_t
| #define TIME_WITH_SYS_TIME 1
| /* end confdefs.h.  */
| #include <stdio.h>
| #ifdef HAVE_SYS_TYPES_H
| # include <sys/types.h>
| #endif
| #ifdef HAVE_SYS_STAT_H
| # include <sys/stat.h>
| #endif
| #ifdef STDC_HEADERS
| # include <stdlib.h>
| # include <stddef.h>
| #else
| # ifdef HAVE_STDLIB_H
| #  include <stdlib.h>
| # endif
| #endif
| #ifdef HAVE_STRING_H
| # if !defined STDC_HEADERS && defined HAVE_MEMORY_H
| #  include <memory.h>
| # endif
| # include <string.h>
| #endif
| #ifdef HAVE_STRINGS_H
| # include <strings.h>
| #endif
| #ifdef HAVE_INTTYPES_H
| # include <inttypes.h>
| #endif
| #ifdef HAVE_STDINT_H
| # include <stdint.h>
| #endif
| #ifdef HAVE_UNISTD_H
| # include <unistd.h>
| #endif
| #include <sys/devpoll.h>
configure:21013: result: no
configure:21013: checking sys/devpoll.h presence
configure:21013: gcc -E  -D_GNU_SOURCE conftest.c
conftest.c:36:25: error: sys/devpoll.h: No such file or directory
configure:21013: $? = 1
configure: failed program was:
| /* confdefs.h */
| #define PACKAGE_NAME ""
| #define PACKAGE_TARNAME ""
| #define PACKAGE_VERSION ""
| #define PACKAGE_STRING ""
| #define PACKAGE_BUGREPORT ""
| #define PACKAGE_URL ""
| #define STDC_HEADERS 1
| #define HAVE_SYS_TYPES_H 1
| #define HAVE_SYS_STAT_H 1
| #define HAVE_STDLIB_H 1
| #define HAVE_STRING_H 1
| #define HAVE_MEMORY_H 1
| #define HAVE_STRINGS_H 1
| #define HAVE_INTTYPES_H 1
| #define HAVE_STDINT_H 1
| #define HAVE_UNISTD_H 1
| #define HAVE_DLFCN_H 1
| #define STDC_HEADERS 1
| #define HAVE_FCNTL_H 1
| #define HAVE_REGEX_H 1
| #define HAVE_SYS_TIME_H 1
| #define HAVE_UNISTD_H 1
| #define HAVE_SYS_SELECT_H 1
| #define HAVE_SYS_PARAM_H 1
| #define HAVE_SYS_SYSCTL_H 1
| #define FLEXIBLE_ARRAY_MEMBER /**/
| #define HAVE_SETEUID 1
| #define HAVE_SETRESUID 1
| #define HAVE_SETEGID 1
| #define HAVE_SETRESGID 1
| #define inline /**/
| #define ISC_SOCKADDR_LEN_T socklen_t
| #define TIME_WITH_SYS_TIME 1
| /* end confdefs.h.  */
| #include <sys/devpoll.h>
configure:21013: result: no
configure:21013: checking for sys/devpoll.h
configure:21013: result: no
configure:21013: checking devpoll.h usability
configure:21013: gcc -c -g -O2  -D_GNU_SOURCE conftest.c >&5
conftest.c:69:21: error: devpoll.h: No such file or directory
configure:21013: $? = 1
configure: failed program was:
| /* confdefs.h */
| #define PACKAGE_NAME ""
| #define PACKAGE_TARNAME ""
| #define PACKAGE_VERSION ""
| #define PACKAGE_STRING ""
| #define PACKAGE_BUGREPORT ""
| #define PACKAGE_URL ""
| #define STDC_HEADERS 1
| #define HAVE_SYS_TYPES_H 1
| #define HAVE_SYS_STAT_H 1
| #define HAVE_STDLIB_H 1
| #define HAVE_STRING_H 1
| #define HAVE_MEMORY_H 1
| #define HAVE_STRINGS_H 1
| #define HAVE_INTTYPES_H 1
| #define HAVE_STDINT_H 1
| #define HAVE_UNISTD_H 1
| #define HAVE_DLFCN_H 1
| #define STDC_HEADERS 1
| #define HAVE_FCNTL_H 1
| #define HAVE_REGEX_H 1
| #define HAVE_SYS_TIME_H 1
| #define HAVE_UNISTD_H 1
| #define HAVE_SYS_SELECT_H 1
| #define HAVE_SYS_PARAM_H 1
| #define HAVE_SYS_SYSCTL_H 1
| #define FLEXIBLE_ARRAY_MEMBER /**/
| #define HAVE_SETEUID 1
| #define HAVE_SETRESUID 1
| #define HAVE_SETEGID 1
| #define HAVE_SETRESGID 1
| #define inline /**/
| #define ISC_SOCKADDR_LEN_T socklen_t
| #define TIME_WITH_SYS_TIME 1
| /* end confdefs.h.  */
| #include <stdio.h>
| #ifdef HAVE_SYS_TYPES_H
| # include <sys/types.h>
| #endif
| #ifdef HAVE_SYS_STAT_H
| # include <sys/stat.h>
| #endif
| #ifdef STDC_HEADERS
| # include <stdlib.h>
| # include <stddef.h>
| #else
| # ifdef HAVE_STDLIB_H
| #  include <stdlib.h>
| # endif
| #endif
| #ifdef HAVE_STRING_H
| # if !defined STDC_HEADERS && defined HAVE_MEMORY_H
| #  include <memory.h>
| # endif
| # include <string.h>
| #endif
| #ifdef HAVE_STRINGS_H
| # include <strings.h>
| #endif
| #ifdef HAVE_INTTYPES_H
| # include <inttypes.h>
| #endif
| #ifdef HAVE_STDINT_H
| # include <stdint.h>
| #endif
| #ifdef HAVE_UNISTD_H
| # include <unistd.h>
| #endif
| #include <devpoll.h>
configure:21013: result: no
configure:21013: checking devpoll.h presence
configure:21013: gcc -E  -D_GNU_SOURCE conftest.c
conftest.c:36:21: error: devpoll.h: No such file or directory
configure:21013: $? = 1
configure: failed program was:
| /* confdefs.h */
| #define PACKAGE_NAME ""
| #define PACKAGE_TARNAME ""
| #define PACKAGE_VERSION ""
| #define PACKAGE_STRING ""
| #define PACKAGE_BUGREPORT ""
| #define PACKAGE_URL ""
| #define STDC_HEADERS 1
| #define HAVE_SYS_TYPES_H 1
| #define HAVE_SYS_STAT_H 1
| #define HAVE_STDLIB_H 1
| #define HAVE_STRING_H 1
| #define HAVE_MEMORY_H 1
| #define HAVE_STRINGS_H 1
| #define HAVE_INTTYPES_H 1
| #define HAVE_STDINT_H 1
| #define HAVE_UNISTD_H 1
| #define HAVE_DLFCN_H 1
| #define STDC_HEADERS 1
| #define HAVE_FCNTL_H 1
| #define HAVE_REGEX_H 1
| #define HAVE_SYS_TIME_H 1
| #define HAVE_UNISTD_H 1
| #define HAVE_SYS_SELECT_H 1
| #define HAVE_SYS_PARAM_H 1
| #define HAVE_SYS_SYSCTL_H 1
| #define FLEXIBLE_ARRAY_MEMBER /**/
| #define HAVE_SETEUID 1
| #define HAVE_SETRESUID 1
| #define HAVE_SETEGID 1
| #define HAVE_SETRESGID 1
| #define inline /**/
| #define ISC_SOCKADDR_LEN_T socklen_t
| #define TIME_WITH_SYS_TIME 1
| /* end confdefs.h.  */
| #include <devpoll.h>
configure:21013: result: no
configure:21013: checking for devpoll.h
configure:21013: result: no
configure:21039: checking if unistd.h or sys/types.h defines fd_set
configure:21054: gcc -c -g -O2  -D_GNU_SOURCE conftest.c >&5
configure:21054: $? = 0
configure:21055: result: yes
configure:21093: checking whether byte ordering is bigendian
configure:21108: gcc -c -g -O2  -D_GNU_SOURCE conftest.c >&5
conftest.c:37: error: expected '=', ',', ';', 'asm' or '__attribute__' before 'a'
configure:21108: $? = 1
configure: failed program was:
| /* confdefs.h */
| #define PACKAGE_NAME ""
| #define PACKAGE_TARNAME ""
| #define PACKAGE_VERSION ""
| #define PACKAGE_STRING ""
| #define PACKAGE_BUGREPORT ""
| #define PACKAGE_URL ""
| #define STDC_HEADERS 1
| #define HAVE_SYS_TYPES_H 1
| #define HAVE_SYS_STAT_H 1
| #define HAVE_STDLIB_H 1
| #define HAVE_STRING_H 1
| #define HAVE_MEMORY_H 1
| #define HAVE_STRINGS_H 1
| #define HAVE_INTTYPES_H 1
| #define HAVE_STDINT_H 1
| #define HAVE_UNISTD_H 1
| #define HAVE_DLFCN_H 1
| #define STDC_HEADERS 1
| #define HAVE_FCNTL_H 1
| #define HAVE_REGEX_H 1
| #define HAVE_SYS_TIME_H 1
| #define HAVE_UNISTD_H 1
| #define HAVE_SYS_SELECT_H 1
| #define HAVE_SYS_PARAM_H 1
| #define HAVE_SYS_SYSCTL_H 1
| #define FLEXIBLE_ARRAY_MEMBER /**/
| #define HAVE_SETEUID 1
| #define HAVE_SETRESUID 1
| #define HAVE_SETEGID 1
| #define HAVE_SETRESGID 1
| #define inline /**/
| #define ISC_SOCKADDR_LEN_T socklen_t
| #define TIME_WITH_SYS_TIME 1
| /* end confdefs.h.  */
| #ifndef __APPLE_CC__
| 	       not a universal capable compiler
| 	     #endif
| 	     typedef int dummy;
| 
configure:21153: gcc -c -g -O2  -D_GNU_SOURCE conftest.c >&5
configure:21153: $? = 0

## ---------------- ##
## Cache variables. ##
## ---------------- ##

ac_cv_build=i686-pc-linux-gnu
ac_cv_c_bigendian=unknown
ac_cv_c_compiler_gnu=yes
ac_cv_c_const=yes
ac_cv_c_flexmember=yes
ac_cv_c_inline=inline
ac_cv_c_volatile=yes
ac_cv_cxx_compiler_gnu=no
ac_cv_env_CCC_set=
ac_cv_env_CCC_value=
ac_cv_env_CC_set=
ac_cv_env_CC_value=
ac_cv_env_CFLAGS_set=
ac_cv_env_CFLAGS_value=
ac_cv_env_CPPFLAGS_set=
ac_cv_env_CPPFLAGS_value=
ac_cv_env_CPP_set=
ac_cv_env_CPP_value=
ac_cv_env_CXXCPP_set=
ac_cv_env_CXXCPP_value=
ac_cv_env_CXXFLAGS_set=
ac_cv_env_CXXFLAGS_value=
ac_cv_env_CXX_set=
ac_cv_env_CXX_value=
ac_cv_env_F77_set=
ac_cv_env_F77_value=
ac_cv_env_FFLAGS_set=
ac_cv_env_FFLAGS_value=
ac_cv_env_LDFLAGS_set=
ac_cv_env_LDFLAGS_value=
ac_cv_env_LIBS_set=
ac_cv_env_LIBS_value=
ac_cv_env_build_alias_set=
ac_cv_env_build_alias_value=
ac_cv_env_host_alias_set=
ac_cv_env_host_alias_value=
ac_cv_env_target_alias_set=
ac_cv_env_target_alias_value=
ac_cv_f77_compiler_gnu=no
ac_cv_func_kqueue=no
ac_cv_func_setegid=yes
ac_cv_func_seteuid=yes
ac_cv_func_setresgid=yes
ac_cv_func_setresuid=yes
ac_cv_func_sysctlbyname=no
ac_cv_have_kqueue=no
ac_cv_header_devpoll_h=no
ac_cv_header_dlfcn_h=yes
ac_cv_header_fcntl_h=yes
ac_cv_header_inttypes_h=yes
ac_cv_header_memory_h=yes
ac_cv_header_net_if6_h=no
ac_cv_header_regex_h=yes
ac_cv_header_stdc=yes
ac_cv_header_stdint_h=yes
ac_cv_header_stdlib_h=yes
ac_cv_header_string_h=yes
ac_cv_header_strings_h=yes
ac_cv_header_sys_devpoll_h=no
ac_cv_header_sys_param_h=yes
ac_cv_header_sys_select_h=yes
ac_cv_header_sys_sockio_h=no
ac_cv_header_sys_stat_h=yes
ac_cv_header_sys_sysctl_h=yes
ac_cv_header_sys_time_h=yes
ac_cv_header_sys_types_h=yes
ac_cv_header_time=yes
ac_cv_header_unistd_h=yes
ac_cv_host=i686-pc-linux-gnu
ac_cv_objext=o
ac_cv_path_AR=/usr/bin/ar
ac_cv_path_EGREP='/bin/grep -E'
ac_cv_path_GREP=/bin/grep
ac_cv_path_PERL=/usr/bin/perl
ac_cv_path_install='/usr/bin/install -c'
ac_cv_prog_CPP='gcc -E'
ac_cv_prog_ac_ct_AR=ar
ac_cv_prog_ac_ct_CC=gcc
ac_cv_prog_ac_ct_RANLIB=ranlib
ac_cv_prog_ac_ct_STRIP=strip
ac_cv_prog_cc_c89=
ac_cv_prog_cc_g=yes
ac_cv_prog_cxx_g=no
ac_cv_prog_f77_g=no
ac_cv_prog_make_make_set=yes
ac_cv_type_size_t=yes
ac_cv_type_socklen_t=yes
ac_cv_type_ssize_t=yes
ac_cv_type_uintptr_t=yes
lt_cv_deplibs_check_method=pass_all
lt_cv_file_magic_cmd='$MAGIC_CMD'
lt_cv_file_magic_test_file=
lt_cv_ld_reload_flag=-r
lt_cv_objdir=.libs
lt_cv_path_LD=/usr/bin/ld
lt_cv_path_NM='/usr/bin/nm -B'
lt_cv_path_SED=/bin/sed
lt_cv_prog_compiler_c_o=yes
lt_cv_prog_compiler_pic_works=yes
lt_cv_prog_compiler_rtti_exceptions=no
lt_cv_prog_compiler_static_works=yes
lt_cv_prog_gnu_ld=yes
lt_cv_sys_global_symbol_pipe='sed -n -e '\''s/^.*[ 	]\([ABCDGIRSTW][ABCDGIRSTW]*\)[ 	][ 	]*\([_A-Za-z][_A-Za-z0-9]*\)$/\1 \2 \2/p'\'''
lt_cv_sys_global_symbol_to_c_name_address='sed -n -e '\''s/^: \([^ ]*\) $/  {\"\1\", (lt_ptr) 0},/p'\'' -e '\''s/^[BCDEGRST] \([^ ]*\) \([^ ]*\)$/  {"\2", (lt_ptr) \&\2},/p'\'''
lt_cv_sys_global_symbol_to_cdecl='sed -n -e '\''s/^. .* \(.*\)$/extern int \1;/p'\'''
lt_cv_sys_lib_dlsearch_path_spec='/lib /usr/lib /usr/lib/mesa /lib/i486-linux-gnu /usr/lib/i486-linux-gnu /usr/lib/alsa-lib /usr/local/lib /usr/lib/vmware-tools/lib32/libvmGuestLib.so /usr/lib/vmware-tools/lib64/libvmGuestLib.so /usr/lib/vmware-tools/lib32/libvmGuestLibJava.so /usr/lib/vmware-tools/lib64/libvmGuestLibJava.so /usr/lib/vmware-tools/lib32/libDeployPkg.so /usr/lib/vmware-tools/lib64/libDeployPkg.so '
lt_cv_sys_lib_search_path_spec='/usr/lib/gcc/i486-linux-gnu/4.4.3 /usr/lib /lib /usr/lib/i486-linux-gnu'
lt_cv_sys_max_cmd_len=1572864
lt_lt_cv_prog_compiler_c_o='"yes"'
lt_lt_cv_sys_global_symbol_pipe='"sed -n -e '\''s/^.*[ 	]\\([ABCDGIRSTW][ABCDGIRSTW]*\\)[ 	][ 	]*\\([_A-Za-z][_A-Za-z0-9]*\\)\$/\\1 \\2 \\2/p'\''"'
lt_lt_cv_sys_global_symbol_to_c_name_address='"sed -n -e '\''s/^: \\([^ ]*\\) \$/  {\\\"\\1\\\", (lt_ptr) 0},/p'\'' -e '\''s/^[BCDEGRST] \\([^ ]*\\) \\([^ ]*\\)\$/  {\"\\2\", (lt_ptr) \\&\\2},/p'\''"'
lt_lt_cv_sys_global_symbol_to_cdecl='"sed -n -e '\''s/^. .* \\(.*\\)\$/extern int \\1;/p'\''"'

## ----------------- ##
## Output variables. ##
## ----------------- ##

A=''
ALWAYS_DEFINES=''
ALWAYS_MAKE_SYMTABLE=''
AR='/usr/bin/ar'
ARFLAGS='cruv'
ATFBIN=''
ATFBUILD=''
ATFLIBS=''
BIND9_BIND9_BUILDINCLUDE=''
BIND9_CONFIGARGS=''
BIND9_CO_RULE=''
BIND9_DNS_BUILDINCLUDE=''
BIND9_ISCCC_BUILDINCLUDE=''
BIND9_ISCCFG_BUILDINCLUDE=''
BIND9_ISC_BUILDINCLUDE=''
BIND9_LWRES_BUILDINCLUDE=''
BIND9_TOP_BUILDDIR=''
BIND9_VERSION=''
BUILD_CC=''
BUILD_CFLAGS=''
BUILD_CPPFLAGS=''
BUILD_LDFLAGS=''
BUILD_LIBS=''
CC='gcc'
CCOPT=''
CFLAGS='-g -O2'
CONTRIB_DLZ=''
CPP='gcc -E'
CPPFLAGS=' -D_GNU_SOURCE'
CXX='g++'
CXXCPP=''
CXXFLAGS=''
DEFS=''
DLZ_DRIVER_INCLUDES=''
DLZ_DRIVER_LIBS=''
DLZ_DRIVER_OBJS=''
DLZ_DRIVER_SRCS=''
DLZ_SYSTEM_TEST=''
DNS_CRYPTO_LIBS=''
DNS_GSSAPI_LIBS=''
DOXYGEN=''
DST_EXTRA_OBJS=''
DST_EXTRA_SRCS=''
DST_GSSAPI_INC=''
DST_OPENSSL_INC=''
DSYMUTIL=''
ECHO='echo'
ECHO_C=''
ECHO_N='-n'
ECHO_T=''
EGREP='/bin/grep -E'
ETAGS=''
EXEEXT=''
F77=''
FFLAGS=''
GENRANDOMLIB=''
GREP='/bin/grep'
IDNLIBS=''
INSTALL_DATA='${INSTALL} -m 644'
INSTALL_PROGRAM='${INSTALL}'
INSTALL_SCRIPT='${INSTALL}'
IRIX_DNSSEC_WARNINGS_HACK=''
IRS_PLATFORM_USEDECLSPEC=''
ISC_ARCH_DIR=''
ISC_EXTRA_OBJS=''
ISC_EXTRA_SRCS=''
ISC_IPV6_C=''
ISC_IPV6_H=''
ISC_IPV6_O=''
ISC_IRS_GETNAMEINFOSOCKLEN=''
ISC_IRS_NEEDADDRINFO=''
ISC_ISCIPV6_O=''
ISC_LWRES_ENDHOSTENTINT=''
ISC_LWRES_ENDNETENTINT=''
ISC_LWRES_GETADDRINFOPROTO=''
ISC_LWRES_GETHOSTBYADDRVOID=''
ISC_LWRES_GETIPNODEPROTO=''
ISC_LWRES_GETNAMEINFOPROTO=''
ISC_LWRES_GETNETBYADDRINADDR=''
ISC_LWRES_NEEDADDRINFO=''
ISC_LWRES_NEEDHERRNO=''
ISC_LWRES_NEEDRRSETINFO=''
ISC_LWRES_SETHOSTENTINT=''
ISC_LWRES_SETNETENTINT=''
ISC_OPENSSL_INC=''
ISC_PLATFORM_BRACEPTHREADONCEINIT=''
ISC_PLATFORM_FIXIN6ISADDR=''
ISC_PLATFORM_GSSAPIHEADER=''
ISC_PLATFORM_GSSAPI_KRB5_HEADER=''
ISC_PLATFORM_HAVEATOMICSTORE=''
ISC_PLATFORM_HAVECMPXCHG=''
ISC_PLATFORM_HAVEDEVPOLL='#undef ISC_PLATFORM_HAVEDEVPOLL'
ISC_PLATFORM_HAVEEPOLL='#define ISC_PLATFORM_HAVEEPOLL 1'
ISC_PLATFORM_HAVEGSSAPI=''
ISC_PLATFORM_HAVEIFNAMETOINDEX=''
ISC_PLATFORM_HAVEIF_LADDRCONF=''
ISC_PLATFORM_HAVEIF_LADDRREQ=''
ISC_PLATFORM_HAVEIN6PKTINFO=''
ISC_PLATFORM_HAVEINADDR6=''
ISC_PLATFORM_HAVEIPV6=''
ISC_PLATFORM_HAVEKQUEUE='#undef ISC_PLATFORM_HAVEKQUEUE'
ISC_PLATFORM_HAVELIFCONF='#undef ISC_PLATFORM_HAVELIFCONF'
ISC_PLATFORM_HAVELONGLONG='#define ISC_PLATFORM_HAVELONGLONG 1'
ISC_PLATFORM_HAVESALEN=''
ISC_PLATFORM_HAVESCOPEID=''
ISC_PLATFORM_HAVESTRINGSH=''
ISC_PLATFORM_HAVESYSUNH=''
ISC_PLATFORM_HAVEXADD=''
ISC_PLATFORM_HAVEXADDQ=''
ISC_PLATFORM_KRB5HEADER=''
ISC_PLATFORM_MSGHDRFLAVOR=''
ISC_PLATFORM_NEEDIN6ADDRANY=''
ISC_PLATFORM_NEEDIN6ADDRLOOPBACK=''
ISC_PLATFORM_NEEDMEMMOVE=''
ISC_PLATFORM_NEEDNETINET6IN6H=''
ISC_PLATFORM_NEEDNETINETIN6H=''
ISC_PLATFORM_NEEDNTOP=''
ISC_PLATFORM_NEEDPORTT=''
ISC_PLATFORM_NEEDPTON=''
ISC_PLATFORM_NEEDSPRINTF=''
ISC_PLATFORM_NEEDSTRLCAT=''
ISC_PLATFORM_NEEDSTRLCPY=''
ISC_PLATFORM_NEEDSTRSEP=''
ISC_PLATFORM_NEEDSTRTOUL=''
ISC_PLATFORM_NEEDSYSSELECTH='#undef ISC_PLATFORM_NEEDSYSSELECTH'
ISC_PLATFORM_NEEDVSNPRINTF=''
ISC_PLATFORM_NORETURN_POST='#define ISC_PLATFORM_NORETURN_POST __attribute__((noreturn))'
ISC_PLATFORM_NORETURN_PRE='#define ISC_PLATFORM_NORETURN_PRE'
ISC_PLATFORM_OPENSSLHASH=''
ISC_PLATFORM_QUADFORMAT=''
ISC_PLATFORM_RLIMITTYPE=''
ISC_PLATFORM_USEBACKTRACE=''
ISC_PLATFORM_USEDECLSPEC=''
ISC_PLATFORM_USEGCCASM=''
ISC_PLATFORM_USEMACASM=''
ISC_PLATFORM_USEOSFASM=''
ISC_PLATFORM_USESTDASM=''
ISC_PLATFORM_USETHREADS=''
ISC_SOCKADDR_LEN_T=''
ISC_THREAD_DIR=''
LATEX=''
LDFLAGS=''
LIBEXPORT=''
LIBOBJS=''
LIBS=''
LIBTOOL='$(SHELL) $(top_builddir)/libtool'
LIBTOOL_ALLOW_UNDEFINED=''
LIBTOOL_IN_MAIN=''
LIBTOOL_MKDEP_SED=''
LIBTOOL_MODE_COMPILE=''
LIBTOOL_MODE_INSTALL=''
LIBTOOL_MODE_LINK=''
LN='ln'
LN_S='ln -s'
LTLIBOBJS=''
LWRES_HAVE_SIN6_SCOPE_ID=''
LWRES_PLATFORM_HAVEINADDR6=''
LWRES_PLATFORM_HAVEIPV6=''
LWRES_PLATFORM_HAVESALEN=''
LWRES_PLATFORM_NEEDIN6ADDRANY=''
LWRES_PLATFORM_NEEDIN6ADDRLOOPBACK=''
LWRES_PLATFORM_NEEDNETINET6IN6H=''
LWRES_PLATFORM_NEEDNETINETIN6H=''
LWRES_PLATFORM_NEEDSPRINTF=''
LWRES_PLATFORM_NEEDSTRTOUL=''
LWRES_PLATFORM_NEEDSYSSELECTH='#undef LWRES_PLATFORM_NEEDSYSSELECTH'
LWRES_PLATFORM_NEEDVSNPRINTF=''
LWRES_PLATFORM_QUADFORMAT=''
LWRES_PLATFORM_USEDECLSPEC=''
MKDEPCC=''
MKDEPCFLAGS=''
MKDEPPROG=''
MKSYMTBL_PROGRAM=''
NMEDIT=''
O=''
OBJEXT='o'
OPENSSLLINKOBJS=''
OPENSSLLINKSRCS=''
OPENSSL_GOST=''
PACKAGE_BUGREPORT=''
PACKAGE_NAME=''
PACKAGE_STRING=''
PACKAGE_TARNAME=''
PACKAGE_URL=''
PACKAGE_VERSION=''
PATH_SEPARATOR=':'
PDFLATEX=''
PERL='/usr/bin/perl'
PG_CONFIG=''
PKCS11_PROVIDER=''
PKCS11_TOOLS=''
PURIFY=''
RANLIB='ranlib'
SA=''
SED='/bin/sed'
SET_MAKE=''
SHELL='/bin/bash'
SO=''
SO_CFLAGS=''
SO_LD=''
SO_TARGETS=''
STD_CDEFINES=' -D_GNU_SOURCE'
STD_CINCLUDES=''
STD_CWARNINGS=''
STRIP='strip'
THREADOPTOBJS=''
THREADOPTSRCS=''
UNITTESTS=''
USE_GSSAPI=''
USE_ISC_SPNEGO=''
USE_OPENSSL=''
USE_PKCS11=''
W3M=''
XMLLINT=''
XSLTPROC=''
XSLT_DB2LATEX_ADMONITIONS=''
XSLT_DB2LATEX_STYLE=''
XSLT_DOCBOOK_CHUNKTOC_HTML=''
XSLT_DOCBOOK_CHUNKTOC_XHTML=''
XSLT_DOCBOOK_CHUNK_HTML=''
XSLT_DOCBOOK_CHUNK_XHTML=''
XSLT_DOCBOOK_MAKETOC_HTML=''
XSLT_DOCBOOK_MAKETOC_XHTML=''
XSLT_DOCBOOK_STYLE_HTML=''
XSLT_DOCBOOK_STYLE_MAN=''
XSLT_DOCBOOK_STYLE_XHTML=''
ac_ct_CC='gcc'
ac_ct_CXX=''
ac_ct_F77=''
bindir='${exec_prefix}/bin'
build='i686-pc-linux-gnu'
build_alias=''
build_cpu='i686'
build_os='linux-gnu'
build_vendor='pc'
datadir='${datarootdir}'
datarootdir='${prefix}/share'
docdir='${datarootdir}/doc/${PACKAGE}'
dvidir='${docdir}'
exec_prefix='NONE'
export_includedir=''
export_libdir=''
host='i686-pc-linux-gnu'
host_alias=''
host_cpu='i686'
host_os='linux-gnu'
host_vendor='pc'
htmldir='${docdir}'
includedir='${prefix}/include'
infodir='${datarootdir}/info'
libdir='${exec_prefix}/lib'
libexecdir='${exec_prefix}/libexec'
localedir='${datarootdir}/locale'
localstatedir='/var'
mandir='${datarootdir}/man'
oldincludedir='/usr/include'
pdfdir='${docdir}'
prefix='NONE'
program_transform_name='s,x,x,'
psdir='${docdir}'
purify_path=''
sbindir='${exec_prefix}/sbin'
sharedstatedir='${prefix}/com'
sysconfdir='/etc'
target_alias=''

## ------------------- ##
## File substitutions. ##
## ------------------- ##

BIND9_MAKE_INCLUDES=''
BIND9_MAKE_RULES=''
DLZ_DRIVER_RULES=''
LIBBIND9_API=''
LIBDNS_API=''
LIBIRS_API=''
LIBISCCC_API=''
LIBISCCFG_API=''
LIBISC_API=''
LIBLWRES_API=''

## ----------- ##
## confdefs.h. ##
## ----------- ##

/* confdefs.h */
#define PACKAGE_NAME ""
#define PACKAGE_TARNAME ""
#define PACKAGE_VERSION ""
#define PACKAGE_STRING ""
#define PACKAGE_BUGREPORT ""
#define PACKAGE_URL ""
#define STDC_HEADERS 1
#define HAVE_SYS_TYPES_H 1
#define HAVE_SYS_STAT_H 1
#define HAVE_STDLIB_H 1
#define HAVE_STRING_H 1
#define HAVE_MEMORY_H 1
#define HAVE_STRINGS_H 1
#define HAVE_INTTYPES_H 1
#define HAVE_STDINT_H 1
#define HAVE_UNISTD_H 1
#define HAVE_DLFCN_H 1
#define STDC_HEADERS 1
#define HAVE_FCNTL_H 1
#define HAVE_REGEX_H 1
#define HAVE_SYS_TIME_H 1
#define HAVE_UNISTD_H 1
#define HAVE_SYS_SELECT_H 1
#define HAVE_SYS_PARAM_H 1
#define HAVE_SYS_SYSCTL_H 1
#define FLEXIBLE_ARRAY_MEMBER /**/
#define HAVE_SETEUID 1
#define HAVE_SETRESUID 1
#define HAVE_SETEGID 1
#define HAVE_SETRESGID 1
#define inline /**/
#define ISC_SOCKADDR_LEN_T socklen_t
#define TIME_WITH_SYS_TIME 1

configure: exit 1
